Build started 2018/2/26 15:04:53.
     1>Project "E:\projects\FileEnumerator\FileEnumerator\FileEnumerator.vcxproj" on node 2 (Rebuild target(s)).
     1>ClCompile:
         D:\Program Files (x86)\Microsoft Visual Studio 12.0\VC\bin\CL.exe /c /ZI /nologo /W3 /WX- /sdl /Od /Oy- /D WIN32 /D _WINDOWS /D _DEBUG /D _CRT_SECURE_NO_WARNINGS /D _UNICODE /D UNICODE /Gm /EHsc /RTC1 /MTd /GS /fp:precise /Zc:wchar_t /Zc:forScope /Yc"stdafx.h" /Fp"Debug\FileEnumerator.pch" /Fo"Debug\\" /Fd"Debug\vc120.pdb" /Gd /TP /analyze- /errorReport:prompt stdafx.cpp
         stdafx.cpp
         D:\Program Files (x86)\Microsoft Visual Studio 12.0\VC\bin\CL.exe /c /ZI /nologo /W3 /WX- /sdl /Od /Oy- /D WIN32 /D _WINDOWS /D _DEBUG /D _CRT_SECURE_NO_WARNINGS /D _UNICODE /D UNICODE /Gm /EHsc /RTC1 /MTd /GS /fp:precise /Zc:wchar_t /Zc:forScope /Yu"stdafx.h" /Fp"Debug\FileEnumerator.pch" /Fo"Debug\\" /Fd"Debug\vc120.pdb" /Gd /TP /analyze- /errorReport:prompt FileEnumerator.cpp FileEnumeratorDlg.cpp
         FileEnumeratorDlg.cpp
     1>e:\projects\fileenumerator\fileenumerator\fileenumeratordlg.cpp(280): warning C4018: '<' : signed/unsigned mismatch
         FileEnumerator.cpp
         Generating Code...
       ResourceCompile:
         C:\Program Files (x86)\Windows Kits\8.1\bin\x86\rc.exe /D _DEBUG /D _UNICODE /D UNICODE /l"0x0804" /IDebug\ /nologo /fo"Debug\FileEnumerator.res" FileEnumerator.rc 
       Link:
         D:\Program Files (x86)\Microsoft Visual Studio 12.0\VC\bin\link.exe /ERRORREPORT:PROMPT /OUT:"E:\projects\FileEnumerator\Debug\FileEnumerator.exe" /INCREMENTAL /NOLOGO /MANIFEST /MANIFESTUAC:"level='asInvoker' uiAccess='false'" /manifest:embed /manifestinput:"D:\Program Files (x86)\Microsoft Visual Studio 12.0\VC\Include\Manifest\dpiaware.manifest" /DEBUG /PDB:"E:\projects\FileEnumerator\Debug\FileEnumerator.pdb" /SUBSYSTEM:WINDOWS /TLBID:1 /ENTRY:"wWinMainCRTStartup" /DYNAMICBASE /NXCOMPAT /IMPLIB:"E:\projects\FileEnumerator\Debug\FileEnumerator.lib" /MACHINE:X86 Debug\FileEnumerator.res
         Debug\FileEnumerator.obj
         Debug\FileEnumeratorDlg.obj
         Debug\stdafx.obj
         FileEnumerator.vcxproj -> E:\projects\FileEnumerator\Debug\FileEnumerator.exe
     1>Done Building Project "E:\projects\FileEnumerator\FileEnumerator\FileEnumerator.vcxproj" (Rebuild target(s)).

Build succeeded.

Time Elapsed 00:00:06.23
